[2020-06-03 10:29:16,753] INFO Starting the log cleaner (kafka.log.LogCleaner)
[2020-06-03 10:29:16,818] INFO [kafka-log-cleaner-thread-0]: Starting (kafka.log.LogCleaner)
[2020-06-03 11:30:03,166] INFO Shutting down the log cleaner. (kafka.log.LogCleaner)
[2020-06-03 11:30:03,167] INFO [kafka-log-cleaner-thread-0]: Shutting down (kafka.log.LogCleaner)
[2020-06-03 11:30:03,172] INFO [kafka-log-cleaner-thread-0]: Stopped (kafka.log.LogCleaner)
[2020-06-03 11:30:03,172] INFO [kafka-log-cleaner-thread-0]: Shutdown completed (kafka.log.LogCleaner)
[2020-06-03 11:30:31,778] INFO Starting the log cleaner (kafka.log.LogCleaner)
[2020-06-03 11:30:31,889] INFO [kafka-log-cleaner-thread-0]: Starting (kafka.log.LogCleaner)
[2020-06-03 11:43:22,696] INFO Starting the log cleaner (kafka.log.LogCleaner)
[2020-06-03 11:43:22,770] INFO [kafka-log-cleaner-thread-0]: Starting (kafka.log.LogCleaner)
[2020-06-03 11:48:03,770] INFO Starting the log cleaner (kafka.log.LogCleaner)
[2020-06-03 11:48:03,842] INFO [kafka-log-cleaner-thread-0]: Starting (kafka.log.LogCleaner)
[2020-06-03 11:48:04,996] INFO Shutting down the log cleaner. (kafka.log.LogCleaner)
[2020-06-03 11:48:04,996] INFO [kafka-log-cleaner-thread-0]: Shutting down (kafka.log.LogCleaner)
[2020-06-03 11:48:04,996] INFO [kafka-log-cleaner-thread-0]: Stopped (kafka.log.LogCleaner)
[2020-06-03 11:48:04,996] INFO [kafka-log-cleaner-thread-0]: Shutdown completed (kafka.log.LogCleaner)
[2020-06-03 11:50:11,217] INFO Starting the log cleaner (kafka.log.LogCleaner)
[2020-06-03 11:50:11,282] INFO [kafka-log-cleaner-thread-0]: Starting (kafka.log.LogCleaner)
[2020-06-03 11:50:11,718] INFO Shutting down the log cleaner. (kafka.log.LogCleaner)
[2020-06-03 11:50:11,719] INFO [kafka-log-cleaner-thread-0]: Shutting down (kafka.log.LogCleaner)
[2020-06-03 11:50:11,720] INFO [kafka-log-cleaner-thread-0]: Stopped (kafka.log.LogCleaner)
[2020-06-03 11:50:11,720] INFO [kafka-log-cleaner-thread-0]: Shutdown completed (kafka.log.LogCleaner)
[2020-06-03 11:50:25,882] INFO Shutting down the log cleaner. (kafka.log.LogCleaner)
[2020-06-03 11:50:25,883] INFO [kafka-log-cleaner-thread-0]: Shutting down (kafka.log.LogCleaner)
[2020-06-03 11:50:25,883] INFO [kafka-log-cleaner-thread-0]: Stopped (kafka.log.LogCleaner)
[2020-06-03 11:50:25,883] INFO [kafka-log-cleaner-thread-0]: Shutdown completed (kafka.log.LogCleaner)
[2020-06-03 11:50:37,056] INFO Starting the log cleaner (kafka.log.LogCleaner)
[2020-06-03 11:50:37,152] INFO [kafka-log-cleaner-thread-0]: Starting (kafka.log.LogCleaner)
[2020-06-03 11:50:37,744] INFO Shutting down the log cleaner. (kafka.log.LogCleaner)
[2020-06-03 11:50:37,746] INFO [kafka-log-cleaner-thread-0]: Shutting down (kafka.log.LogCleaner)
[2020-06-03 11:50:37,747] INFO [kafka-log-cleaner-thread-0]: Stopped (kafka.log.LogCleaner)
[2020-06-03 11:50:37,747] INFO [kafka-log-cleaner-thread-0]: Shutdown completed (kafka.log.LogCleaner)
[2020-06-03 11:51:46,701] INFO Starting the log cleaner (kafka.log.LogCleaner)
[2020-06-03 11:51:46,794] INFO [kafka-log-cleaner-thread-0]: Starting (kafka.log.LogCleaner)
[2020-06-03 11:51:48,112] INFO Shutting down the log cleaner. (kafka.log.LogCleaner)
[2020-06-03 11:51:48,113] INFO [kafka-log-cleaner-thread-0]: Shutting down (kafka.log.LogCleaner)
[2020-06-03 11:51:48,115] INFO [kafka-log-cleaner-thread-0]: Stopped (kafka.log.LogCleaner)
[2020-06-03 11:51:48,115] INFO [kafka-log-cleaner-thread-0]: Shutdown completed (kafka.log.LogCleaner)
[2020-06-03 11:53:45,516] INFO Starting the log cleaner (kafka.log.LogCleaner)
[2020-06-03 11:53:45,614] INFO [kafka-log-cleaner-thread-0]: Starting (kafka.log.LogCleaner)
[2020-06-03 11:53:46,239] INFO Shutting down the log cleaner. (kafka.log.LogCleaner)
[2020-06-03 11:53:46,241] INFO [kafka-log-cleaner-thread-0]: Shutting down (kafka.log.LogCleaner)
[2020-06-03 11:53:46,244] INFO [kafka-log-cleaner-thread-0]: Stopped (kafka.log.LogCleaner)
[2020-06-03 11:53:46,245] INFO [kafka-log-cleaner-thread-0]: Shutdown completed (kafka.log.LogCleaner)
[2020-06-03 11:55:54,390] INFO Starting the log cleaner (kafka.log.LogCleaner)
[2020-06-03 11:55:54,493] INFO [kafka-log-cleaner-thread-0]: Starting (kafka.log.LogCleaner)
[2020-06-03 11:56:17,514] INFO Starting the log cleaner (kafka.log.LogCleaner)
[2020-06-03 11:56:17,635] INFO [kafka-log-cleaner-thread-0]: Starting (kafka.log.LogCleaner)
[2020-06-03 11:57:14,110] INFO Starting the log cleaner (kafka.log.LogCleaner)
[2020-06-03 11:57:14,173] INFO [kafka-log-cleaner-thread-0]: Starting (kafka.log.LogCleaner)
[2020-06-03 12:16:28,225] INFO Shutting down the log cleaner. (kafka.log.LogCleaner)
[2020-06-03 12:16:28,226] INFO [kafka-log-cleaner-thread-0]: Shutting down (kafka.log.LogCleaner)
[2020-06-03 12:16:28,227] INFO [kafka-log-cleaner-thread-0]: Stopped (kafka.log.LogCleaner)
[2020-06-03 12:16:28,227] INFO [kafka-log-cleaner-thread-0]: Shutdown completed (kafka.log.LogCleaner)
[2020-06-03 12:20:28,410] INFO Starting the log cleaner (kafka.log.LogCleaner)
[2020-06-03 12:20:28,732] INFO [kafka-log-cleaner-thread-0]: Starting (kafka.log.LogCleaner)
[2020-06-03 12:58:03,590] INFO Shutting down the log cleaner. (kafka.log.LogCleaner)
[2020-06-03 12:58:03,591] INFO [kafka-log-cleaner-thread-0]: Shutting down (kafka.log.LogCleaner)
[2020-06-03 12:58:03,592] INFO [kafka-log-cleaner-thread-0]: Stopped (kafka.log.LogCleaner)
[2020-06-03 12:58:03,592] INFO [kafka-log-cleaner-thread-0]: Shutdown completed (kafka.log.LogCleaner)
[2020-06-03 12:58:14,415] INFO Starting the log cleaner (kafka.log.LogCleaner)
[2020-06-03 12:58:14,483] INFO [kafka-log-cleaner-thread-0]: Starting (kafka.log.LogCleaner)
[2020-06-03 12:58:32,025] INFO Starting the log cleaner (kafka.log.LogCleaner)
[2020-06-03 12:58:32,091] INFO [kafka-log-cleaner-thread-0]: Starting (kafka.log.LogCleaner)
[2020-06-03 13:01:53,420] INFO Starting the log cleaner (kafka.log.LogCleaner)
[2020-06-03 13:01:53,525] INFO [kafka-log-cleaner-thread-0]: Starting (kafka.log.LogCleaner)
[2020-06-03 13:19:46,169] INFO Starting the log cleaner (kafka.log.LogCleaner)
[2020-06-03 13:19:46,329] INFO [kafka-log-cleaner-thread-0]: Starting (kafka.log.LogCleaner)
[2020-06-04 21:15:13,464] INFO Shutting down the log cleaner. (kafka.log.LogCleaner)
[2020-06-04 21:15:13,468] INFO [kafka-log-cleaner-thread-0]: Shutting down (kafka.log.LogCleaner)
[2020-06-04 21:15:13,469] INFO [kafka-log-cleaner-thread-0]: Stopped (kafka.log.LogCleaner)
[2020-06-04 21:15:13,469] INFO [kafka-log-cleaner-thread-0]: Shutdown completed (kafka.log.LogCleaner)
[2020-06-04 21:21:57,390] INFO Starting the log cleaner (kafka.log.LogCleaner)
[2020-06-04 21:21:57,472] INFO [kafka-log-cleaner-thread-0]: Starting (kafka.log.LogCleaner)
[2020-06-04 21:23:12,000] INFO Shutting down the log cleaner. (kafka.log.LogCleaner)
[2020-06-04 21:23:12,002] INFO [kafka-log-cleaner-thread-0]: Shutting down (kafka.log.LogCleaner)
[2020-06-04 21:23:12,003] INFO [kafka-log-cleaner-thread-0]: Stopped (kafka.log.LogCleaner)
[2020-06-04 21:23:12,003] INFO [kafka-log-cleaner-thread-0]: Shutdown completed (kafka.log.LogCleaner)
[2020-06-04 21:23:59,386] INFO Starting the log cleaner (kafka.log.LogCleaner)
[2020-06-04 21:23:59,465] INFO [kafka-log-cleaner-thread-0]: Starting (kafka.log.LogCleaner)
[2020-06-04 21:25:01,133] INFO Shutting down the log cleaner. (kafka.log.LogCleaner)
[2020-06-04 21:25:01,136] INFO [kafka-log-cleaner-thread-0]: Shutting down (kafka.log.LogCleaner)
[2020-06-04 21:25:01,137] INFO [kafka-log-cleaner-thread-0]: Stopped (kafka.log.LogCleaner)
[2020-06-04 21:25:01,137] INFO [kafka-log-cleaner-thread-0]: Shutdown completed (kafka.log.LogCleaner)
[2020-06-04 21:25:23,722] INFO Starting the log cleaner (kafka.log.LogCleaner)
[2020-06-04 21:25:23,804] INFO [kafka-log-cleaner-thread-0]: Starting (kafka.log.LogCleaner)
[2020-06-04 21:35:37,113] INFO Shutting down the log cleaner. (kafka.log.LogCleaner)
[2020-06-04 21:35:37,114] INFO [kafka-log-cleaner-thread-0]: Shutting down (kafka.log.LogCleaner)
[2020-06-04 21:35:37,116] INFO [kafka-log-cleaner-thread-0]: Shutdown completed (kafka.log.LogCleaner)
[2020-06-04 21:35:37,116] INFO [kafka-log-cleaner-thread-0]: Stopped (kafka.log.LogCleaner)
[2020-06-04 21:35:39,268] INFO Shutting down the log cleaner. (kafka.log.LogCleaner)
[2020-06-04 21:35:39,269] INFO [kafka-log-cleaner-thread-0]: Shutting down (kafka.log.LogCleaner)
[2020-06-04 21:35:39,271] INFO [kafka-log-cleaner-thread-0]: Stopped (kafka.log.LogCleaner)
[2020-06-04 21:35:39,271] INFO [kafka-log-cleaner-thread-0]: Shutdown completed (kafka.log.LogCleaner)
[2020-06-04 21:35:56,029] INFO Shutting down the log cleaner. (kafka.log.LogCleaner)
[2020-06-04 21:35:56,031] INFO [kafka-log-cleaner-thread-0]: Shutting down (kafka.log.LogCleaner)
[2020-06-04 21:35:56,032] INFO [kafka-log-cleaner-thread-0]: Stopped (kafka.log.LogCleaner)
[2020-06-04 21:35:56,032] INFO [kafka-log-cleaner-thread-0]: Shutdown completed (kafka.log.LogCleaner)
[2020-06-04 22:08:46,337] INFO Starting the log cleaner (kafka.log.LogCleaner)
[2020-06-04 22:08:46,413] INFO [kafka-log-cleaner-thread-0]: Starting (kafka.log.LogCleaner)
[2020-06-04 22:10:03,763] INFO Starting the log cleaner (kafka.log.LogCleaner)
[2020-06-04 22:10:03,867] INFO [kafka-log-cleaner-thread-0]: Starting (kafka.log.LogCleaner)
[2020-06-04 22:10:43,246] INFO Starting the log cleaner (kafka.log.LogCleaner)
[2020-06-04 22:10:43,353] INFO [kafka-log-cleaner-thread-0]: Starting (kafka.log.LogCleaner)
[2020-06-04 22:28:07,145] INFO Starting the log cleaner (kafka.log.LogCleaner)
[2020-06-04 22:28:07,248] INFO [kafka-log-cleaner-thread-0]: Starting (kafka.log.LogCleaner)
[2020-06-04 22:28:09,108] INFO Shutting down the log cleaner. (kafka.log.LogCleaner)
[2020-06-04 22:28:09,109] INFO [kafka-log-cleaner-thread-0]: Shutting down (kafka.log.LogCleaner)
[2020-06-04 22:28:09,111] INFO [kafka-log-cleaner-thread-0]: Stopped (kafka.log.LogCleaner)
[2020-06-04 22:28:09,111] INFO [kafka-log-cleaner-thread-0]: Shutdown completed (kafka.log.LogCleaner)
[2020-06-04 22:28:10,112] INFO Starting the log cleaner (kafka.log.LogCleaner)
[2020-06-04 22:28:10,202] INFO [kafka-log-cleaner-thread-0]: Starting (kafka.log.LogCleaner)
[2020-06-04 22:28:11,992] INFO Shutting down the log cleaner. (kafka.log.LogCleaner)
[2020-06-04 22:28:11,993] INFO [kafka-log-cleaner-thread-0]: Shutting down (kafka.log.LogCleaner)
[2020-06-04 22:28:11,995] INFO [kafka-log-cleaner-thread-0]: Stopped (kafka.log.LogCleaner)
[2020-06-04 22:28:11,995] INFO [kafka-log-cleaner-thread-0]: Shutdown completed (kafka.log.LogCleaner)
[2020-06-04 22:28:12,586] INFO Starting the log cleaner (kafka.log.LogCleaner)
[2020-06-04 22:28:12,717] INFO [kafka-log-cleaner-thread-0]: Starting (kafka.log.LogCleaner)
[2020-06-04 22:28:14,023] INFO Shutting down the log cleaner. (kafka.log.LogCleaner)
[2020-06-04 22:28:14,024] INFO [kafka-log-cleaner-thread-0]: Shutting down (kafka.log.LogCleaner)
[2020-06-04 22:28:14,025] INFO [kafka-log-cleaner-thread-0]: Stopped (kafka.log.LogCleaner)
[2020-06-04 22:28:14,025] INFO [kafka-log-cleaner-thread-0]: Shutdown completed (kafka.log.LogCleaner)
[2020-06-04 22:28:52,250] INFO Starting the log cleaner (kafka.log.LogCleaner)
[2020-06-04 22:28:52,347] INFO [kafka-log-cleaner-thread-0]: Starting (kafka.log.LogCleaner)
[2020-06-04 22:28:55,743] INFO Starting the log cleaner (kafka.log.LogCleaner)
[2020-06-04 22:28:56,047] INFO [kafka-log-cleaner-thread-0]: Starting (kafka.log.LogCleaner)
[2020-06-04 22:29:05,679] INFO Starting the log cleaner (kafka.log.LogCleaner)
[2020-06-04 22:29:05,766] INFO [kafka-log-cleaner-thread-0]: Starting (kafka.log.LogCleaner)
